[35m[Appium][39m Welcome to Appium v1.22.3
[35m[Appium][39m Non-default server args:
[35m[Appium][39m   port: 53491
[35m[Appium][39m   loglevel: info
[35m[Appium][39m   tmpDir: C:\Users\LENOVO\AppData\Local\Temp\\Katalon\Appium\Temp1691391675110
[35m[Appium][39m   chromedriverPort: 53492
[35m[Appium][39m Deprecated server args:
[35m[Appium][39m   [31m--chromedriver-port[39m => --default-capabilities
[35m[Appium][39m Default capabilities, which will be added to each request unless overridden by desired capabilities:
[35m[Appium][39m   chromedriverPort: 53492
[35m[Appium][39m Appium REST http interface listener started on 0.0.0.0:53491
[35m[HTTP][39m [37m-->[39m [37mGET[39m [37m/wd/hub/status[39m
[35m[HTTP][39m [90m{}[39m
[35m[HTTP][39m [37m<-- GET /wd/hub/status [39m[32m200[39m [90m4 ms - 68[39m
[35m[HTTP][39m [90m[39m
[35m[HTTP][39m [37m-->[39m [37mGET[39m [37m/wd/hub/status[39m
[35m[HTTP][39m [90m{}[39m
[35m[HTTP][39m [37m<-- GET /wd/hub/status [39m[32m200[39m [90m1 ms - 68[39m
[35m[HTTP][39m [90m[39m
[35m[HTTP][39m [37m-->[39m [37mPOST[39m [37m/wd/hub/session[39m
[35m[HTTP][39m [90m{"desiredCapabilities":{"appPackage":"com.android.settings","appWaitActivity":"*","deviceId":"","deviceName":"emulator-5554 (sdk_gphone64_x86_64 - Android 12)","platform":"ANDROID","appActivity":".Settings","newCommandTimeout":1800,"platformVersion":"12","automationName":"uiautomator2","autoGrantPermissions":true,"platformName":"Android","udid":"emulator-5554","systemPort":8269},"capabilities":{"firstMatch":[{"appium:appActivity":".Settings","appium:appPackage":"com.android.settings","appium:appWaitActivity":"*","appium:autoGrantPermissions":true,"appium:automationName":"uiautomator2","deviceId":"","appium:deviceName":"emulator-5554 (sdk_gphone64_x86_64 - Android 12)","appium:newCommandTimeout":1800,"platform":"ANDROID","platformName":"android","appium:platformVersion":"12","appium:systemPort":8269,"appium:udid":"emulator-5554"}]}}[39m
[35m[BaseDriver][39m The following capabilities are not standard capabilities and should have an extension prefix:
[35m[BaseDriver][39m   deviceId
[35m[BaseDriver][39m   platform
[35m[BaseDriver][39m   chromedriverPort
[35m[Appium][39m Appium v1.22.3 creating new AndroidUiautomator2Driver (v1.70.1) session
[35m[BaseDriver][39m The following capabilities were provided, but are not recognized by Appium:
[35m[BaseDriver][39m   deviceId
[35m[BaseDriver][39m   platform
[35m[BaseDriver][39m Session created with session id: 7d90b97b-e104-4d56-b4da-99c684e79988
[35m[UiAutomator2][39m Starting 'com.android.settings' directly on the device
[35m[ADB][39m Found 1 'build-tools' folders under 'C:\Users\LENOVO\.katalon\tools\android_sdk' (newest first):
[35m[ADB][39m     C:/Users/LENOVO/.katalon/tools/android_sdk/build-tools/29.0.3
[35m[ADB][39m Using 'adb.exe' from 'C:\Users\LENOVO\.katalon\tools\android_sdk\platform-tools\adb.exe'
[35m[AndroidDriver][39m Retrieving device list
[35m[AndroidDriver][39m Using device: emulator-5554
[35m[ADB][39m Using 'adb.exe' from 'C:\Users\LENOVO\.katalon\tools\android_sdk\platform-tools\adb.exe'
[35m[ADB][39m Getting device platform version
[35m[UiAutomator2][39m Relaxing hidden api policy
[35m[AndroidDriver][39m No app sent in, not parsing package/activity
[35m[ADB][39m Using 'apksigner.jar' from 'C:\Users\LENOVO\.katalon\tools\android_sdk\build-tools\29.0.3\lib\apksigner.jar'
[35m[ADB][39m 'C:\Users\LENOVO\AppData\Roaming\npm\node_modules\appium\node_modules\appium-uiautomator2-server\apks\appium-uiautomator2-server-v4.27.0.apk' is signed with the default certificate
[35m[ADB][39m 'C:\Users\LENOVO\AppData\Roaming\npm\node_modules\appium\node_modules\appium-uiautomator2-server\apks\appium-uiautomator2-server-debug-androidTest.apk' is signed with the default certificate
[35m[UiAutomator2][39m Server packages are not going to be (re)installed
[35m[ADB][39m Adding packages ["io.appium.settings","io.appium.uiautomator2.server","io.appium.uiautomator2.server.test"] to Doze whitelist
[35m[UiAutomator2][39m Starting UIAutomator2 server 4.27.0
[35m[UiAutomator2][39m Using UIAutomator2 server from 'C:\Users\LENOVO\AppData\Roaming\npm\node_modules\appium\node_modules\appium-uiautomator2-server\apks\appium-uiautomator2-server-v4.27.0.apk' and test from 'C:\Users\LENOVO\AppData\Roaming\npm\node_modules\appium\node_modules\appium-uiautomator2-server\apks\appium-uiautomator2-server-debug-androidTest.apk'
[35m[UiAutomator2][39m Waiting up to 30000ms for UiAutomator2 to be online...
[35m[WD Proxy][39m socket hang up
[35m[WD Proxy][39m socket hang up
[35m[WD Proxy][39m socket hang up
[35m[WD Proxy][39m socket hang up
[35m[WD Proxy][39m socket hang up
[35m[WD Proxy][39m socket hang up
[35m[WD Proxy][39m socket hang up
[35m[WD Proxy][39m Determined the downstream protocol as 'W3C'
[35m[AndroidDriver][39m Screen already unlocked, doing nothing
[35m[UiAutomator2][39m Starting 'com.android.settings/.Settings and waiting for 'com.android.settings/*'
[35m[Appium][39m New AndroidUiautomator2Driver session created successfully, session 7d90b97b-e104-4d56-b4da-99c684e79988 added to master session list
[35m[HTTP][39m [37m<-- POST /wd/hub/session [39m[32m200[39m [90m14148 ms - 1265[39m
[35m[HTTP][39m [90m[39m
[35m[HTTP][39m [37m-->[39m [37mGET[39m [37m/wd/hub/session/7d90b97b-e104-4d56-b4da-99c684e79988[39m
[35m[HTTP][39m [90m{}[39m
[35m[HTTP][39m [37m<-- GET /wd/hub/session/7d90b97b-e104-4d56-b4da-99c684e79988 [39m[32m200[39m [90m21 ms - 1219[39m
[35m[HTTP][39m [90m[39m
[35m[HTTP][39m [37m-->[39m [37mGET[39m [37m/wd/hub/session/7d90b97b-e104-4d56-b4da-99c684e79988[39m
[35m[HTTP][39m [90m{}[39m
[35m[HTTP][39m [37m<-- GET /wd/hub/session/7d90b97b-e104-4d56-b4da-99c684e79988 [39m[32m200[39m [90m16 ms - 1219[39m
[35m[HTTP][39m [90m[39m
[35m[HTTP][39m [37m-->[39m [37mPOST[39m [37m/wd/hub/session/7d90b97b-e104-4d56-b4da-99c684e79988/timeouts[39m
[35m[HTTP][39m [90m{"implicit":60000}[39m
[35m[HTTP][39m [37m<-- POST /wd/hub/session/7d90b97b-e104-4d56-b4da-99c684e79988/timeouts [39m[32m200[39m [90m3 ms - 14[39m
[35m[HTTP][39m [90m[39m
[35m[HTTP][39m [37m-->[39m [37mGET[39m [37m/wd/hub/session/7d90b97b-e104-4d56-b4da-99c684e79988/screenshot[39m
[35m[HTTP][39m [90m{}[39m
[35m[HTTP][39m [37m<-- GET /wd/hub/session/7d90b97b-e104-4d56-b4da-99c684e79988/screenshot [39m[32m200[39m [90m724 ms - 207596[39m
[35m[HTTP][39m [90m[39m
[35m[HTTP][39m [37m-->[39m [37mGET[39m [37m/wd/hub/session/7d90b97b-e104-4d56-b4da-99c684e79988/window/rect[39m
[35m[HTTP][39m [90m{}[39m
[35m[HTTP][39m [37m<-- GET /wd/hub/session/7d90b97b-e104-4d56-b4da-99c684e79988/window/rect [39m[32m200[39m [90m14 ms - 50[39m
[35m[HTTP][39m [90m[39m
[35m[HTTP][39m [37m-->[39m [37mGET[39m [37m/wd/hub/session/7d90b97b-e104-4d56-b4da-99c684e79988/appium/device/system_bars[39m
[35m[HTTP][39m [90m{}[39m
[35m[HTTP][39m [37m<-- GET /wd/hub/session/7d90b97b-e104-4d56-b4da-99c684e79988/appium/device/system_bars [39m[32m200[39m [90m56 ms - 145[39m
[35m[HTTP][39m [90m[39m
[35m[HTTP][39m [37m-->[39m [37mPOST[39m [37m/wd/hub/session/7d90b97b-e104-4d56-b4da-99c684e79988/appium/device/activate_app[39m
[35m[HTTP][39m [90m{"bundleId":"id.co.mitsuilease.outsystemstage.MiMo"}[39m
[35m[HTTP][39m [37m<-- POST /wd/hub/session/7d90b97b-e104-4d56-b4da-99c684e79988/appium/device/activate_app [39m[32m200[39m [90m1192 ms - 14[39m
[35m[HTTP][39m [90m[39m
[35m[HTTP][39m [37m-->[39m [37mGET[39m [37m/wd/hub/session/7d90b97b-e104-4d56-b4da-99c684e79988/source[39m
[35m[HTTP][39m [90m{}[39m
[35m[W3C (7d90b97b)][39m Driver proxy active, passing request on via HTTP proxy
[35m[WD Proxy][39m Replacing sessionId 20ccde82-5f49-4d39-90bd-e6f063aba3e6 with 7d90b97b-e104-4d56-b4da-99c684e79988
[35m[HTTP][39m [37m<-- GET /wd/hub/session/7d90b97b-e104-4d56-b4da-99c684e79988/source [39m[32m200[39m [90m501 ms - 29135[39m
[35m[HTTP][39m [90m[39m
[35m[HTTP][39m [37m-->[39m [37mGET[39m [37m/wd/hub/session/7d90b97b-e104-4d56-b4da-99c684e79988/screenshot[39m
[35m[HTTP][39m [90m{}[39m
[35m[HTTP][39m [37m<-- GET /wd/hub/session/7d90b97b-e104-4d56-b4da-99c684e79988/screenshot [39m[32m200[39m [90m305 ms - 36710[39m
[35m[HTTP][39m [90m[39m
[35m[HTTP][39m [37m-->[39m [37mGET[39m [37m/wd/hub/session/7d90b97b-e104-4d56-b4da-99c684e79988/source[39m
[35m[HTTP][39m [90m{}[39m
[35m[W3C (7d90b97b)][39m Driver proxy active, passing request on via HTTP proxy
[35m[WD Proxy][39m Replacing sessionId 20ccde82-5f49-4d39-90bd-e6f063aba3e6 with 7d90b97b-e104-4d56-b4da-99c684e79988
[35m[HTTP][39m [37m<-- GET /wd/hub/session/7d90b97b-e104-4d56-b4da-99c684e79988/source [39m[32m200[39m [90m95 ms - 27249[39m
[35m[HTTP][39m [90m[39m
[35m[HTTP][39m [37m-->[39m [37mGET[39m [37m/wd/hub/session/7d90b97b-e104-4d56-b4da-99c684e79988/screenshot[39m
[35m[HTTP][39m [90m{}[39m
[35m[HTTP][39m [37m<-- GET /wd/hub/session/7d90b97b-e104-4d56-b4da-99c684e79988/screenshot [39m[32m200[39m [90m691 ms - 400608[39m
[35m[HTTP][39m [90m[39m
[35m[HTTP][39m [37m-->[39m [37mPOST[39m [37m/wd/hub/session/7d90b97b-e104-4d56-b4da-99c684e79988/elements[39m
[35m[HTTP][39m [90m{"using":"xpath","value":"//*[@class = 'android.view.View' and (@text = '' or . = '')]"}[39m
[35m[HTTP][39m [37m<-- POST /wd/hub/session/7d90b97b-e104-4d56-b4da-99c684e79988/elements [39m[32m200[39m [90m714 ms - 5387[39m
[35m[HTTP][39m [90m[39m
[35m[HTTP][39m [37m-->[39m [37mPOST[39m [37m/wd/hub/session/7d90b97b-e104-4d56-b4da-99c684e79988/elements[39m
[35m[HTTP][39m [90m{"using":"-android uiautomator","value":"new UiSelector().className(\"android.view.View\")"}[39m
[35m[HTTP][39m [37m<-- POST /wd/hub/session/7d90b97b-e104-4d56-b4da-99c684e79988/elements [39m[32m200[39m [90m175 ms - 5387[39m
[35m[HTTP][39m [90m[39m
[35m[HTTP][39m [37m-->[39m [37mGET[39m [37m/wd/hub/session/7d90b97b-e104-4d56-b4da-99c684e79988/window/rect[39m
[35m[HTTP][39m [90m{}[39m
[35m[HTTP][39m [37m<-- GET /wd/hub/session/7d90b97b-e104-4d56-b4da-99c684e79988/window/rect [39m[32m200[39m [90m8 ms - 50[39m
[35m[HTTP][39m [90m[39m
[35m[HTTP][39m [37m-->[39m [37mPOST[39m [37m/wd/hub/session/7d90b97b-e104-4d56-b4da-99c684e79988/elements[39m
[35m[HTTP][39m [90m{"using":"xpath","value":"//hierarchy/android.widget.FrameLayout[1]/android.widget.LinearLayout[1]/android.widget.FrameLayout[1]/android.widget.LinearLayout[1]/android.widget.FrameLayout[1]/android.webkit.WebView[1]/android.webkit.WebView[1]/android.view.View[1]/android.view.View[1]/android.view.View[1]/android.view.View[1]/android.view.View[1]/android.view.View[1]/android.view.View[3]/android.view.View[1]/android.view.View[1]/android.view.View[1]/android.view.View[1]/android.view.View[1]/android.view.View[2]/android.view.View[1]/android.view.View[2]"}[39m
[35m[HTTP][39m [37m<-- POST /wd/hub/session/7d90b97b-e104-4d56-b4da-99c684e79988/elements [39m[32m200[39m [90m45 ms - 139[39m
[35m[HTTP][39m [90m[39m
[35m[HTTP][39m [37m-->[39m [37mGET[39m [37m/wd/hub/session/7d90b97b-e104-4d56-b4da-99c684e79988/element/00000000-0000-004d-0000-005b00000006/location[39m
[35m[HTTP][39m [90m{}[39m
[35m[W3C (7d90b97b)][39m Driver proxy active, passing request on via HTTP proxy
[35m[WD Proxy][39m Replacing sessionId 20ccde82-5f49-4d39-90bd-e6f063aba3e6 with 7d90b97b-e104-4d56-b4da-99c684e79988
[35m[HTTP][39m [37m<-- GET /wd/hub/session/7d90b97b-e104-4d56-b4da-99c684e79988/element/00000000-0000-004d-0000-005b00000006/location [39m[32m200[39m [90m8 ms - 78[39m
[35m[HTTP][39m [90m[39m
[35m[HTTP][39m [37m-->[39m [37mPOST[39m [37m/wd/hub/session/7d90b97b-e104-4d56-b4da-99c684e79988/element/00000000-0000-004d-0000-005b00000006/click[39m
[35m[HTTP][39m [90m{"id":"00000000-0000-004d-0000-005b00000006"}[39m
[35m[HTTP][39m [37m<-- POST /wd/hub/session/7d90b97b-e104-4d56-b4da-99c684e79988/element/00000000-0000-004d-0000-005b00000006/click [39m[32m200[39m [90m10127 ms - 14[39m
[35m[HTTP][39m [90m[39m
[35m[HTTP][39m [37m-->[39m [37mGET[39m [37m/wd/hub/session/7d90b97b-e104-4d56-b4da-99c684e79988/source[39m
[35m[HTTP][39m [90m{}[39m
[35m[W3C (7d90b97b)][39m Driver proxy active, passing request on via HTTP proxy
[35m[WD Proxy][39m Replacing sessionId 20ccde82-5f49-4d39-90bd-e6f063aba3e6 with 7d90b97b-e104-4d56-b4da-99c684e79988
[35m[HTTP][39m [37m<-- GET /wd/hub/session/7d90b97b-e104-4d56-b4da-99c684e79988/source [39m[32m200[39m [90m67 ms - 31575[39m
[35m[HTTP][39m [90m[39m
[35m[HTTP][39m [37m-->[39m [37mGET[39m [37m/wd/hub/session/7d90b97b-e104-4d56-b4da-99c684e79988/screenshot[39m
[35m[HTTP][39m [90m{}[39m
[35m[HTTP][39m [37m<-- GET /wd/hub/session/7d90b97b-e104-4d56-b4da-99c684e79988/screenshot [39m[32m200[39m [90m676 ms - 1268790[39m
[35m[HTTP][39m [90m[39m
[35m[HTTP][39m [37m-->[39m [37mDELETE[39m [37m/wd/hub/session/7d90b97b-e104-4d56-b4da-99c684e79988[39m
[35m[HTTP][39m [90m{}[39m
[35m[Appium][39m Removing session 7d90b97b-e104-4d56-b4da-99c684e79988 from our master session list
[35m[UiAutomator2][39m Restoring hidden api policy to the device default configuration
[35m[HTTP][39m [37m<-- DELETE /wd/hub/session/7d90b97b-e104-4d56-b4da-99c684e79988 [39m[32m200[39m [90m802 ms - 14[39m
[35m[HTTP][39m [90m[39m
